<?xml version="1.0" encoding="UTF-8"?>
<testsuites name="jest tests" tests="2" failures="0" errors="0" time="2.147">
  <testsuite name="TestComponentInput.vue component test" errors="0" failures="0" skipped="0" timestamp="2022-04-24T11:45:36" time="1.692" tests="1">
    <testcase classname="TestComponentInput.vue component test rendering TestComponentInput.vue correct" name="TestComponentInput.vue component test rendering TestComponentInput.vue correct" time="0.009">
    </testcase>
  </testsuite>
  <testsuite name="TestComponentInputTextArea.vue component test" errors="0" failures="0" skipped="0" timestamp="2022-04-24T11:45:36" time="1.739" tests="1">
    <testcase classname="TestComponentInputTextArea.vue component test rendering TestComponentInputTextArea.vue correct" name="TestComponentInputTextArea.vue component test rendering TestComponentInputTextArea.vue correct" time="0.009">
    </testcase>
  </testsuite>
</testsuites>